{"uid":"17a5da59762627ef","name":"test_login_empty_user","fullName":"tests.login.test_login#test_login_empty_user","historyId":"90f87d1c916bfc317758c982541f5083","time":{"start":1720641786674,"stop":1720641786799,"duration":125},"status":"failed","statusMessage":"AssertionError: Expected status code 401 but got 200","statusTrace":"get_headers = <function get_headers.<locals>._get_headers at 0x7fadc1f4b240>\n\n    def test_login_empty_user(get_headers):\n        response = requests.get(f'{BASE_URI}/App/user', headers=Auth().auth_empty_user(get_headers))\n>       assert_status_code_unauthorized(response)\n\ntests/login/test_login.py:32: \n_ _ _ _ _ _ _ _ _ _ _ _ _ _ _ _ _ _ _ _ _ _ _ _ _ _ _ _ _ _ _ _ _ _ _ _ _ _ _ _ \n\nresponse = <Response [200]>\n\n    def assert_status_code_unauthorized(response):\n>       assert response.status_code == 401, f\"Expected status code 401 but got {response.status_code}\"\nE       AssertionError: Expected status code 401 but got 200\n\ncore/assertions/status.py:18: AssertionError","flaky":false,"newFailed":false,"newBroken":false,"newPassed":false,"retriesCount":0,"retriesStatusChange":false,"beforeStages":[{"name":"get_headers","time":{"start":1720641786673,"stop":1720641786673,"duration":0},"status":"passed","steps":[],"attachments":[],"parameters":[],"shouldDisplayMessage":false,"stepsCount":0,"attachmentsCount":0,"hasContent":false,"attachmentStep":false}],"afterStages":[],"labels":[{"name":"parentSuite","value":"tests.login"},{"name":"suite","value":"test_login"},{"name":"host","value":"fv-az1251-133"},{"name":"thread","value":"2063-MainThread"},{"name":"framework","value":"pytest"},{"name":"language","value":"cpython3"},{"name":"package","value":"tests.login.test_login"},{"name":"resultFormat","value":"allure2"}],"parameters":[],"links":[],"hidden":false,"retry":false,"extra":{"severity":"normal","retries":[],"categories":[{"name":"Product defects","matchedStatuses":[],"flaky":false}],"tags":[]},"source":"17a5da59762627ef.json","parameterValues":[]}