{"uid":"24c90513200edb75","name":"test_get_drafts_with_invalid_maxsize_param","fullName":"tests.mail_draft.test_get_email_draft#test_get_drafts_with_invalid_maxsize_param","historyId":"d0197129b5548279306b23fa0ae13014","time":{"start":1720636490474,"stop":1720636490584,"duration":110},"status":"failed","statusMessage":"AssertionError: Expected status code 400 but got 200","statusTrace":"get_headers = <function get_headers.<locals>._get_headers at 0x7ff06a81c360>\n\n    @pytest.mark.smoke\n    @pytest.mark.functional\n    @pytest.mark.regression\n    def test_get_drafts_with_invalid_maxsize_param(get_headers):\n        url = f\"{BASE_URI}{EndpointEmail.GET_EMAIL_WITH_PARAMS.value}&maxSize=invalid\"\n        headers = Auth().auth_valid_credential(get_headers)\n        response = requests.get(url, headers=headers)\n>       assert_status_bad_request(response)\n\ntests/mail_draft/test_get_email_draft.py:124: \n_ _ _ _ _ _ _ _ _ _ _ _ _ _ _ _ _ _ _ _ _ _ _ _ _ _ _ _ _ _ _ _ _ _ _ _ _ _ _ _ \n\nresponse = <Response [200]>\n\n    def assert_status_bad_request(response):\n>       assert response.status_code == 400, f\"Expected status code 400 but got {response.status_code}\"\nE       AssertionError: Expected status code 400 but got 200\n\ncore/assertions/status.py:26: AssertionError","flaky":false,"newFailed":false,"newBroken":false,"newPassed":false,"retriesCount":0,"retriesStatusChange":false,"beforeStages":[{"name":"teardown","time":{"start":1720636490474,"stop":1720636490474,"duration":0},"status":"passed","steps":[],"attachments":[],"parameters":[],"shouldDisplayMessage":false,"stepsCount":0,"attachmentsCount":0,"hasContent":false,"attachmentStep":false},{"name":"get_headers","time":{"start":1720636490474,"stop":1720636490474,"duration":0},"status":"passed","steps":[],"attachments":[],"parameters":[],"shouldDisplayMessage":false,"stepsCount":0,"attachmentsCount":0,"hasContent":false,"attachmentStep":false}],"testStage":{"status":"failed","statusMessage":"AssertionError: Expected status code 400 but got 200","statusTrace":"get_headers = <function get_headers.<locals>._get_headers at 0x7ff06a81c360>\n\n    @pytest.mark.smoke\n    @pytest.mark.functional\n    @pytest.mark.regression\n    def test_get_drafts_with_invalid_maxsize_param(get_headers):\n        url = f\"{BASE_URI}{EndpointEmail.GET_EMAIL_WITH_PARAMS.value}&maxSize=invalid\"\n        headers = Auth().auth_valid_credential(get_headers)\n        response = requests.get(url, headers=headers)\n>       assert_status_bad_request(response)\n\ntests/mail_draft/test_get_email_draft.py:124: \n_ _ _ _ _ _ _ _ _ _ _ _ _ _ _ _ _ _ _ _ _ _ _ _ _ _ _ _ _ _ _ _ _ _ _ _ _ _ _ _ \n\nresponse = <Response [200]>\n\n    def assert_status_bad_request(response):\n>       assert response.status_code == 400, f\"Expected status code 400 but got {response.status_code}\"\nE       AssertionError: Expected status code 400 but got 200\n\ncore/assertions/status.py:26: AssertionError","steps":[],"attachments":[{"uid":"bdd6e8c288fdd239","name":"stdout","source":"bdd6e8c288fdd239.txt","type":"text/plain","size":5244}],"parameters":[],"shouldDisplayMessage":true,"stepsCount":0,"attachmentsCount":1,"hasContent":true,"attachmentStep":false},"afterStages":[{"name":"teardown::0","time":{"start":1720636490589,"stop":1720636490666,"duration":77},"status":"passed","steps":[],"attachments":[],"parameters":[],"shouldDisplayMessage":false,"stepsCount":0,"attachmentsCount":0,"hasContent":false,"attachmentStep":false}],"labels":[{"name":"tag","value":"regression"},{"name":"tag","value":"functional"},{"name":"tag","value":"smoke"},{"name":"parentSuite","value":"tests.mail_draft"},{"name":"suite","value":"test_get_email_draft"},{"name":"host","value":"fv-az700-299"},{"name":"thread","value":"2073-MainThread"},{"name":"framework","value":"pytest"},{"name":"language","value":"cpython3"},{"name":"package","value":"tests.mail_draft.test_get_email_draft"},{"name":"resultFormat","value":"allure2"}],"parameters":[],"links":[],"hidden":false,"retry":false,"extra":{"severity":"normal","retries":[],"categories":[{"name":"Product defects","matchedStatuses":[],"flaky":false}],"tags":["functional","regression","smoke"]},"source":"24c90513200edb75.json","parameterValues":[]}