{"uid":"32e3dae7e741857c","name":"test_get_drafts_without_auth_token_secret","fullName":"tests.mail_draft.test_get_email_draft#test_get_drafts_without_auth_token_secret","historyId":"fb4c56c8a5f75e9844a8e70715670ab0","time":{"start":1720648421034,"stop":1720648421220,"duration":186},"status":"failed","statusMessage":"AssertionError: Expected status code 401 but got 200","statusTrace":"get_headers = <function get_headers.<locals>._get_headers at 0x7f57c4abdee0>\n\n    @pytest.mark.functional\n    @pytest.mark.regression\n    def test_get_drafts_without_auth_token_secret(get_headers):\n        url = f\"{BASE_URI}{EndpointEmail.GET_EMAIL_WITH_PARAMS.value}\"\n        headers = Auth().auth_valid_credential(get_headers)\n        if \"Cookie\" in headers:\n            del headers[\"Cookie\"]\n        response = requests.get(url, headers=headers)\n>       assert_status_code_unauthorized(response)\n\ntests/mail_draft/test_get_email_draft.py:51: \n_ _ _ _ _ _ _ _ _ _ _ _ _ _ _ _ _ _ _ _ _ _ _ _ _ _ _ _ _ _ _ _ _ _ _ _ _ _ _ _ \n\nresponse = <Response [200]>\n\n    def assert_status_code_unauthorized(response):\n>       assert response.status_code == 401, f\"Expected status code 401 but got {response.status_code}\"\nE       AssertionError: Expected status code 401 but got 200\n\ncore/assertions/status.py:18: AssertionError","flaky":false,"newFailed":false,"newBroken":false,"newPassed":false,"retriesCount":0,"retriesStatusChange":false,"beforeStages":[{"name":"teardown","time":{"start":1720648421033,"stop":1720648421033,"duration":0},"status":"passed","steps":[],"attachments":[],"parameters":[],"shouldDisplayMessage":false,"stepsCount":0,"attachmentsCount":0,"hasContent":false,"attachmentStep":false},{"name":"get_headers","time":{"start":1720648421033,"stop":1720648421033,"duration":0},"status":"passed","steps":[],"attachments":[],"parameters":[],"shouldDisplayMessage":false,"stepsCount":0,"attachmentsCount":0,"hasContent":false,"attachmentStep":false}],"testStage":{"status":"failed","statusMessage":"AssertionError: Expected status code 401 but got 200","statusTrace":"get_headers = <function get_headers.<locals>._get_headers at 0x7f57c4abdee0>\n\n    @pytest.mark.functional\n    @pytest.mark.regression\n    def test_get_drafts_without_auth_token_secret(get_headers):\n        url = f\"{BASE_URI}{EndpointEmail.GET_EMAIL_WITH_PARAMS.value}\"\n        headers = Auth().auth_valid_credential(get_headers)\n        if \"Cookie\" in headers:\n            del headers[\"Cookie\"]\n        response = requests.get(url, headers=headers)\n>       assert_status_code_unauthorized(response)\n\ntests/mail_draft/test_get_email_draft.py:51: \n_ _ _ _ _ _ _ _ _ _ _ _ _ _ _ _ _ _ _ _ _ _ _ _ _ _ _ _ _ _ _ _ _ _ _ _ _ _ _ _ \n\nresponse = <Response [200]>\n\n    def assert_status_code_unauthorized(response):\n>       assert response.status_code == 401, f\"Expected status code 401 but got {response.status_code}\"\nE       AssertionError: Expected status code 401 but got 200\n\ncore/assertions/status.py:18: AssertionError","steps":[],"attachments":[{"uid":"d4eea8b4ca674b80","name":"stdout","source":"d4eea8b4ca674b80.txt","type":"text/plain","size":5293}],"parameters":[],"shouldDisplayMessage":true,"stepsCount":0,"attachmentsCount":1,"hasContent":true,"attachmentStep":false},"afterStages":[{"name":"teardown::0","time":{"start":1720648421226,"stop":1720648421346,"duration":120},"status":"passed","steps":[],"attachments":[],"parameters":[],"shouldDisplayMessage":false,"stepsCount":0,"attachmentsCount":0,"hasContent":false,"attachmentStep":false}],"labels":[{"name":"tag","value":"regression"},{"name":"tag","value":"functional"},{"name":"parentSuite","value":"tests.mail_draft"},{"name":"suite","value":"test_get_email_draft"},{"name":"host","value":"fv-az1383-883"},{"name":"thread","value":"2078-MainThread"},{"name":"framework","value":"pytest"},{"name":"language","value":"cpython3"},{"name":"package","value":"tests.mail_draft.test_get_email_draft"},{"name":"resultFormat","value":"allure2"}],"parameters":[],"links":[],"hidden":false,"retry":false,"extra":{"severity":"normal","retries":[],"categories":[{"name":"Product defects","matchedStatuses":[],"flaky":false}],"tags":["functional","regression"]},"source":"32e3dae7e741857c.json","parameterValues":[]}