{"uid":"be203d568f36691c","name":"test_post_create_call_with_required_and_optional_data","fullName":"tests.calls.test_post_call#test_post_create_call_with_required_and_optional_data","historyId":"9a03b677d85e4d3fd6fcd8aa90e132ec","time":{"start":1720626768508,"stop":1720626768639,"duration":131},"status":"failed","statusMessage":"AssertionError: Expected status code 201 but got 200","statusTrace":"get_header_cookie = <function get_header_cookie.<locals>._get_headers_withCookie_and_auth at 0x7f966e2b5d00>\n\n    @pytest.mark.smoke\n    @pytest.mark.functional\n    @pytest.mark.regression\n    def test_post_create_call_with_required_and_optional_data(get_header_cookie):\n        url = EndpointCalls.post_call()\n        payload_required_and_optional_data = call_payload_required_data\n    \n        headers = Auth().auth_valid_credential(get_header_cookie)\n        response = EspoCRMRequest.post(url, headers, payload_required_and_optional_data)\n>       assert_status_code_created(response)\n\ntests/calls/test_post_call.py:60: \n_ _ _ _ _ _ _ _ _ _ _ _ _ _ _ _ _ _ _ _ _ _ _ _ _ _ _ _ _ _ _ _ _ _ _ _ _ _ _ _ \n\nresponse = <Response [200]>\n\n    def assert_status_code_created(response):\n>       assert response.status_code == 201, f\"Expected status code 201 but got {response.status_code}\"\nE       AssertionError: Expected status code 201 but got 200\n\ncore/assertions/status.py:6: AssertionError","flaky":false,"newFailed":false,"newBroken":false,"newPassed":false,"retriesCount":0,"retriesStatusChange":false,"beforeStages":[{"name":"get_header_cookie","time":{"start":1720626768507,"stop":1720626768508,"duration":1},"status":"passed","steps":[],"attachments":[],"parameters":[],"shouldDisplayMessage":false,"stepsCount":0,"attachmentsCount":0,"hasContent":false,"attachmentStep":false}],"afterStages":[],"labels":[{"name":"tag","value":"regression"},{"name":"tag","value":"functional"},{"name":"tag","value":"smoke"},{"name":"parentSuite","value":"tests.calls"},{"name":"suite","value":"test_post_call"},{"name":"host","value":"fv-az1118-575"},{"name":"thread","value":"2084-MainThread"},{"name":"framework","value":"pytest"},{"name":"language","value":"cpython3"},{"name":"package","value":"tests.calls.test_post_call"},{"name":"resultFormat","value":"allure2"}],"parameters":[],"links":[],"hidden":false,"retry":false,"extra":{"severity":"normal","retries":[],"categories":[{"name":"Product defects","matchedStatuses":[],"flaky":false}],"tags":["functional","regression","smoke"]},"source":"be203d568f36691c.json","parameterValues":[]}