{"uid":"dbaea96e3481b8b7","name":"test_get_drafts_with_invalid_maxsize_param","fullName":"tests.mail_draft.test_get_email_draft#test_get_drafts_with_invalid_maxsize_param","historyId":"d0197129b5548279306b23fa0ae13014","time":{"start":1720649801519,"stop":1720649801639,"duration":120},"status":"failed","statusMessage":"AssertionError: Expected status code 400 but got 200","statusTrace":"get_headers = <function get_headers.<locals>._get_headers at 0x7fa436e04720>\n\n    @pytest.mark.smoke\n    @pytest.mark.functional\n    @pytest.mark.regression\n    def test_get_drafts_with_invalid_maxsize_param(get_headers):\n        url = f\"{BASE_URI}{EndpointEmail.GET_EMAIL_WITH_PARAMS.value}&maxSize=invalid\"\n        headers = Auth().auth_valid_credential(get_headers)\n        response = requests.get(url, headers=headers)\n>       assert_status_bad_request(response)\n\ntests/mail_draft/test_get_email_draft.py:124: \n_ _ _ _ _ _ _ _ _ _ _ _ _ _ _ _ _ _ _ _ _ _ _ _ _ _ _ _ _ _ _ _ _ _ _ _ _ _ _ _ \n\nresponse = <Response [200]>\n\n    def assert_status_bad_request(response):\n>       assert response.status_code == 400, f\"Expected status code 400 but got {response.status_code}\"\nE       AssertionError: Expected status code 400 but got 200\n\ncore/assertions/status.py:26: AssertionError","flaky":false,"newFailed":false,"newBroken":false,"newPassed":false,"retriesCount":0,"retriesStatusChange":false,"beforeStages":[{"name":"get_headers","time":{"start":1720649801519,"stop":1720649801519,"duration":0},"status":"passed","steps":[],"attachments":[],"parameters":[],"stepsCount":0,"attachmentsCount":0,"hasContent":false,"attachmentStep":false,"shouldDisplayMessage":false},{"name":"teardown","time":{"start":1720649801519,"stop":1720649801519,"duration":0},"status":"passed","steps":[],"attachments":[],"parameters":[],"stepsCount":0,"attachmentsCount":0,"hasContent":false,"attachmentStep":false,"shouldDisplayMessage":false}],"testStage":{"status":"failed","statusMessage":"AssertionError: Expected status code 400 but got 200","statusTrace":"get_headers = <function get_headers.<locals>._get_headers at 0x7fa436e04720>\n\n    @pytest.mark.smoke\n    @pytest.mark.functional\n    @pytest.mark.regression\n    def test_get_drafts_with_invalid_maxsize_param(get_headers):\n        url = f\"{BASE_URI}{EndpointEmail.GET_EMAIL_WITH_PARAMS.value}&maxSize=invalid\"\n        headers = Auth().auth_valid_credential(get_headers)\n        response = requests.get(url, headers=headers)\n>       assert_status_bad_request(response)\n\ntests/mail_draft/test_get_email_draft.py:124: \n_ _ _ _ _ _ _ _ _ _ _ _ _ _ _ _ _ _ _ _ _ _ _ _ _ _ _ _ _ _ _ _ _ _ _ _ _ _ _ _ \n\nresponse = <Response [200]>\n\n    def assert_status_bad_request(response):\n>       assert response.status_code == 400, f\"Expected status code 400 but got {response.status_code}\"\nE       AssertionError: Expected status code 400 but got 200\n\ncore/assertions/status.py:26: AssertionError","steps":[],"attachments":[{"uid":"375df414a8a8fe9b","name":"stdout","source":"375df414a8a8fe9b.txt","type":"text/plain","size":5293}],"parameters":[],"stepsCount":0,"attachmentsCount":1,"hasContent":true,"attachmentStep":false,"shouldDisplayMessage":true},"afterStages":[{"name":"teardown::0","time":{"start":1720649801644,"stop":1720649801717,"duration":73},"status":"passed","steps":[],"attachments":[],"parameters":[],"stepsCount":0,"attachmentsCount":0,"hasContent":false,"attachmentStep":false,"shouldDisplayMessage":false}],"labels":[{"name":"tag","value":"regression"},{"name":"tag","value":"functional"},{"name":"tag","value":"smoke"},{"name":"parentSuite","value":"tests.mail_draft"},{"name":"suite","value":"test_get_email_draft"},{"name":"host","value":"fv-az530-126"},{"name":"thread","value":"2053-MainThread"},{"name":"framework","value":"pytest"},{"name":"language","value":"cpython3"},{"name":"package","value":"tests.mail_draft.test_get_email_draft"},{"name":"resultFormat","value":"allure2"}],"parameters":[],"links":[],"hidden":false,"retry":false,"extra":{"severity":"normal","retries":[],"categories":[{"name":"Product defects","matchedStatuses":[],"flaky":false}],"tags":["functional","regression","smoke"]},"source":"dbaea96e3481b8b7.json","parameterValues":[]}