{"uid":"ff79f245d07dcfe4","name":"test_post_call_invalid_cookie_in_headers","fullName":"tests.calls.test_post_call#test_post_call_invalid_cookie_in_headers","historyId":"bcc4ce7be7a6516b140598fd1fdf7256","time":{"start":1720649796367,"stop":1720649796527,"duration":160},"status":"failed","statusMessage":"AssertionError: Expected status code 401 but got 200","statusTrace":"get_header_cookie = <function get_header_cookie.<locals>._get_headers_withCookie_and_auth at 0x7fa436f03ba0>\n\n    @pytest.mark.smoke\n    @pytest.mark.functional\n    @pytest.mark.regression\n    def test_post_call_invalid_cookie_in_headers(get_header_cookie):\n        url = EndpointCalls.post_call()\n        headers = Auth().auth_valid_credential(get_header_cookie)\n        headers['Cookie'] = 'wrongCookie'\n        payload_required_data = call_payload_required_data\n        response = EspoCRMRequest.post(url, headers, payload_required_data)\n>       assert_status_code_unauthorized(response)\n\ntests/calls/test_post_call.py:82: \n_ _ _ _ _ _ _ _ _ _ _ _ _ _ _ _ _ _ _ _ _ _ _ _ _ _ _ _ _ _ _ _ _ _ _ _ _ _ _ _ \n\nresponse = <Response [200]>\n\n    def assert_status_code_unauthorized(response):\n>       assert response.status_code == 401, f\"Expected status code 401 but got {response.status_code}\"\nE       AssertionError: Expected status code 401 but got 200\n\ncore/assertions/status.py:18: AssertionError","flaky":false,"newFailed":false,"newBroken":false,"newPassed":false,"retriesCount":0,"retriesStatusChange":false,"beforeStages":[{"name":"get_header_cookie","time":{"start":1720649796367,"stop":1720649796367,"duration":0},"status":"passed","steps":[],"attachments":[],"parameters":[],"stepsCount":0,"attachmentsCount":0,"hasContent":false,"attachmentStep":false,"shouldDisplayMessage":false}],"afterStages":[],"labels":[{"name":"tag","value":"regression"},{"name":"tag","value":"functional"},{"name":"tag","value":"smoke"},{"name":"parentSuite","value":"tests.calls"},{"name":"suite","value":"test_post_call"},{"name":"host","value":"fv-az530-126"},{"name":"thread","value":"2053-MainThread"},{"name":"framework","value":"pytest"},{"name":"language","value":"cpython3"},{"name":"package","value":"tests.calls.test_post_call"},{"name":"resultFormat","value":"allure2"}],"parameters":[],"links":[],"hidden":false,"retry":false,"extra":{"severity":"normal","retries":[],"categories":[{"name":"Product defects","matchedStatuses":[],"flaky":false}],"tags":["functional","regression","smoke"]},"source":"ff79f245d07dcfe4.json","parameterValues":[]}